<?xml version="1.0" encoding="UTF-8"?>
<!-- Generated by org.testng.reporters.JUnitXMLReporter -->
<testsuite ignored="0" hostname="DESKTOP-FBHO6PU" failures="1" tests="2" name="Test" time="10.562" errors="0" timestamp="2023-03-11T16:24:05 IST">
  <testcase classname="testScripts.FlightFunctionalityTest" name="verifyDiffrentTripOptions" time="2.736"/>
  <testcase classname="testScripts.FlightFunctionalityTest" name="verifyDefaultTripSelection" time="0.052">
    <failure type="java.lang.AssertionError" message="By Default OneWayTrip Option is  Selected expected [Selected] but found [selected]">
      <![CDATA[java.lang.AssertionError: By Default OneWayTrip Option is  Selected expected [Selected] but found [selected]
at testScripts.FlightFunctionalityTest.verifyDefaultTripSelection(FlightFunctionalityTest.java:48)
at java.base/java.util.ArrayList.forEach(ArrayList.java:1511)
... Removed 32 stack frames]]>
    </failure>
  </testcase> <!-- verifyDefaultTripSelection -->
</testsuite> <!-- Test -->
